MobileTennis/android/build/outputs/logs/manifest-merger-debug-report.txt
-- Merging decision tree log ---
manifest
<<<<<<< HEAD
ADDED from MobileTennis\android\AndroidManifest.xml:2:1-42:12
	package
		ADDED from MobileTennis\android\AndroidManifest.xml:3:5-41
		INJECTED from MobileTennis\android\AndroidManifest.xml
		INJECTED from MobileTennis\android\AndroidManifest.xml
	android:versionName
		ADDED from MobileTennis\android\AndroidManifest.xml:5:5-30
		INJECTED from MobileTennis\android\AndroidManifest.xml
		INJECTED from MobileTennis\android\AndroidManifest.xml
	android:versionCode
		ADDED from MobileTennis\android\AndroidManifest.xml:4:5-28
		INJECTED from MobileTennis\android\AndroidManifest.xml
		INJECTED from MobileTennis\android\AndroidManifest.xml
	xmlns:android
		ADDED from MobileTennis\android\AndroidManifest.xml:2:11-69
uses-sdk
ADDED from MobileTennis\android\AndroidManifest.xml:7:5-74
	android:targetSdkVersion
		ADDED from MobileTennis\android\AndroidManifest.xml:7:42-71
		INJECTED from MobileTennis\android\AndroidManifest.xml
		INJECTED from MobileTennis\android\AndroidManifest.xml
	android:minSdkVersion
		ADDED from MobileTennis\android\AndroidManifest.xml:7:15-41
		INJECTED from MobileTennis\android\AndroidManifest.xml
		INJECTED from MobileTennis\android\AndroidManifest.xml
application
ADDED from MobileTennis\android\AndroidManifest.xml:9:5-24:19
	android:label
		ADDED from MobileTennis\android\AndroidManifest.xml:12:9-41
	android:allowBackup
		ADDED from MobileTennis\android\AndroidManifest.xml:10:9-35
	android:icon
		ADDED from MobileTennis\android\AndroidManifest.xml:11:9-45
	android:theme
		ADDED from MobileTennis\android\AndroidManifest.xml:13:9-40
activity#com.crazyking.mobiletennis.AndroidLauncher
ADDED from MobileTennis\android\AndroidManifest.xml:14:9-23:20
	android:screenOrientation
		ADDED from MobileTennis\android\AndroidManifest.xml:17:13-49
	android:label
		ADDED from MobileTennis\android\AndroidManifest.xml:16:13-45
	android:configChanges
		ADDED from MobileTennis\android\AndroidManifest.xml:18:13-83
	android:name
		ADDED from MobileTennis\android\AndroidManifest.xml:15:13-70
intent-filter#android.intent.action.MAIN+android.intent.category.LAUNCHER
ADDED from MobileTennis\android\AndroidManifest.xml:19:13-22:29
action#android.intent.action.MAIN
ADDED from MobileTennis\android\AndroidManifest.xml:20:17-69
	android:name
		ADDED from MobileTennis\android\AndroidManifest.xml:20:25-66
category#android.intent.category.LAUNCHER
ADDED from MobileTennis\android\AndroidManifest.xml:21:17-77
	android:name
		ADDED from MobileTennis\android\AndroidManifest.xml:21:27-74
uses-permission#android.permission.ACCESS_WIFI_STATE
ADDED from MobileTennis\android\AndroidManifest.xml:26:5-28:35
	android:required
		ADDED from MobileTennis\android\AndroidManifest.xml:28:9-32
	android:name
		ADDED from MobileTennis\android\AndroidManifest.xml:27:9-60
uses-permission#android.permission.CHANGE_WIFI_STATE
ADDED from MobileTennis\android\AndroidManifest.xml:29:5-31:35
	android:required
		ADDED from MobileTennis\android\AndroidManifest.xml:31:9-32
	android:name
		ADDED from MobileTennis\android\AndroidManifest.xml:30:9-60
uses-permission#android.permission.CHANGE_NETWORK_STATE
ADDED from MobileTennis\android\AndroidManifest.xml:32:5-34:35
	android:required
		ADDED from MobileTennis\android\AndroidManifest.xml:34:9-32
	android:name
		ADDED from MobileTennis\android\AndroidManifest.xml:33:9-63
uses-permission#android.permission.ACCESS_NETWORK_STATE
ADDED from MobileTennis\android\AndroidManifest.xml:35:5-37:35
	android:required
		ADDED from MobileTennis\android\AndroidManifest.xml:37:9-32
	android:name
		ADDED from MobileTennis\android\AndroidManifest.xml:36:9-63
uses-permission#android.permission.INTERNET
ADDED from MobileTennis\android\AndroidManifest.xml:38:5-40:35
	android:required
		ADDED from MobileTennis\android\AndroidManifest.xml:40:9-32
	android:name
		ADDED from MobileTennis\android\AndroidManifest.xml:39:9-51
=======
ADDED from MobileTennis/android/AndroidManifest.xml:2:1-42:12
	package
		ADDED from MobileTennis/android/AndroidManifest.xml:3:5-41
		INJECTED from MobileTennis/android/AndroidManifest.xml
		INJECTED from MobileTennis/android/AndroidManifest.xml
	android:versionName
		ADDED from MobileTennis/android/AndroidManifest.xml:5:5-30
		INJECTED from MobileTennis/android/AndroidManifest.xml
		INJECTED from MobileTennis/android/AndroidManifest.xml
	android:versionCode
		ADDED from MobileTennis/android/AndroidManifest.xml:4:5-28
		INJECTED from MobileTennis/android/AndroidManifest.xml
		INJECTED from MobileTennis/android/AndroidManifest.xml
	xmlns:android
		ADDED from MobileTennis/android/AndroidManifest.xml:2:11-69
uses-sdk
ADDED from MobileTennis/android/AndroidManifest.xml:7:5-74
	android:targetSdkVersion
		ADDED from MobileTennis/android/AndroidManifest.xml:7:42-71
		INJECTED from MobileTennis/android/AndroidManifest.xml
		INJECTED from MobileTennis/android/AndroidManifest.xml
	android:minSdkVersion
		ADDED from MobileTennis/android/AndroidManifest.xml:7:15-41
		INJECTED from MobileTennis/android/AndroidManifest.xml
		INJECTED from MobileTennis/android/AndroidManifest.xml
application
ADDED from MobileTennis/android/AndroidManifest.xml:9:5-24:19
	android:label
		ADDED from MobileTennis/android/AndroidManifest.xml:12:9-41
	android:allowBackup
		ADDED from MobileTennis/android/AndroidManifest.xml:10:9-35
	android:icon
		ADDED from MobileTennis/android/AndroidManifest.xml:11:9-45
	android:theme
		ADDED from MobileTennis/android/AndroidManifest.xml:13:9-40
activity#com.crazyking.mobiletennis.AndroidLauncher
ADDED from MobileTennis/android/AndroidManifest.xml:14:9-23:20
	android:screenOrientation
		ADDED from MobileTennis/android/AndroidManifest.xml:17:13-49
	android:label
		ADDED from MobileTennis/android/AndroidManifest.xml:16:13-45
	android:configChanges
		ADDED from MobileTennis/android/AndroidManifest.xml:18:13-83
	android:name
		ADDED from MobileTennis/android/AndroidManifest.xml:15:13-70
intent-filter#android.intent.action.MAIN+android.intent.category.LAUNCHER
ADDED from MobileTennis/android/AndroidManifest.xml:19:13-22:29
action#android.intent.action.MAIN
ADDED from MobileTennis/android/AndroidManifest.xml:20:17-69
	android:name
		ADDED from MobileTennis/android/AndroidManifest.xml:20:25-66
category#android.intent.category.LAUNCHER
ADDED from MobileTennis/android/AndroidManifest.xml:21:17-77
	android:name
		ADDED from MobileTennis/android/AndroidManifest.xml:21:27-74
uses-permission#android.permission.ACCESS_WIFI_STATE
ADDED from MobileTennis/android/AndroidManifest.xml:26:5-28:35
	android:required
		ADDED from MobileTennis/android/AndroidManifest.xml:28:9-32
	android:name
		ADDED from MobileTennis/android/AndroidManifest.xml:27:9-60
uses-permission#android.permission.CHANGE_WIFI_STATE
ADDED from MobileTennis/android/AndroidManifest.xml:29:5-31:35
	android:required
		ADDED from MobileTennis/android/AndroidManifest.xml:31:9-32
	android:name
		ADDED from MobileTennis/android/AndroidManifest.xml:30:9-60
uses-permission#android.permission.CHANGE_NETWORK_STATE
ADDED from MobileTennis/android/AndroidManifest.xml:32:5-34:35
	android:required
		ADDED from MobileTennis/android/AndroidManifest.xml:34:9-32
	android:name
		ADDED from MobileTennis/android/AndroidManifest.xml:33:9-63
uses-permission#android.permission.ACCESS_NETWORK_STATE
ADDED from MobileTennis/android/AndroidManifest.xml:35:5-37:35
	android:required
		ADDED from MobileTennis/android/AndroidManifest.xml:37:9-32
	android:name
		ADDED from MobileTennis/android/AndroidManifest.xml:36:9-63
uses-permission#android.permission.INTERNET
ADDED from MobileTennis/android/AndroidManifest.xml:38:5-40:35
	android:required
		ADDED from MobileTennis/android/AndroidManifest.xml:40:9-32
	android:name
		ADDED from MobileTennis/android/AndroidManifest.xml:39:9-51
>>>>>>> wastene